npm WARN npm npm does not support Node.js v13.0.1
npm WARN npm You should probably upgrade to a newer version of node as we
npm WARN npm can't make any promises that npm will work with this version.
npm WARN npm Supported releases of Node.js are the latest release of 6, 8, 9, 10, 11, 12.
npm WARN npm You can find the latest version at https://nodejs.org/

> frontend@0.1.0 start /root/online-enrollment-system/frontend
> react-scripts start

sh: 1: react-scripts: not found
npm ERR! code ELIFECYCLE
npm ERR! syscall spawn
npm ERR! file sh
npm ERR! errno ENOENT
npm ERR! frontend@0.1.0 start: `react-scripts start`
npm ERR! spawn ENOENT
npm ERR! 
npm ERR! Failed at the frontend@0.1.0 start script.
npm ERR! This is probably not a problem with npm. There is likely additional logging output above.
npm WARN Local package.json exists, but node_modules missing, did you mean to install?

npm ERR! A complete log of this run can be found in:
npm ERR!     /root/.npm/_logs/2019-11-03T10_02_48_426Z-debug.log
npm WARN npm npm does not support Node.js v13.0.1
npm WARN npm You should probably upgrade to a newer version of node as we
npm WARN npm can't make any promises that npm will work with this version.
npm WARN npm Supported releases of Node.js are the latest release of 6, 8, 9, 10, 11, 12.
npm WARN npm You can find the latest version at https://nodejs.org/
npm WARN bootstrap@4.3.1 requires a peer of jquery@1.9.1 - 3 but none is installed. You must install peer dependencies yourself.
npm WARN tsutils@3.17.1 requires a peer of typescript@>=2.8.0 || >= 3.2.0-dev || >= 3.3.0-dev || >= 3.4.0-dev || >= 3.5.0-dev || >= 3.6.0-dev || >= 3.6.0-beta || >= 3.7.0-dev || >= 3.7.0-beta but none is installed. You must install peer dependencies yourself.
npm WARN optional SKIPPING OPTIONAL DEPENDENCY: fsevents@1.2.9 (node_modules/jest-haste-map/node_modules/fsevents):
npm WARN notsup SKIPPING OPTIONAL DEPENDENCY: Unsupported platform for fsevents@1.2.9: wanted {"os":"darwin","arch":"any"} (current: {"os":"linux","arch":"x64"})
npm WARN optional SKIPPING OPTIONAL DEPENDENCY: fsevents@1.2.9 (node_modules/chokidar/node_modules/fsevents):
npm WARN notsup SKIPPING OPTIONAL DEPENDENCY: Unsupported platform for fsevents@1.2.9: wanted {"os":"darwin","arch":"any"} (current: {"os":"linux","arch":"x64"})
npm WARN optional SKIPPING OPTIONAL DEPENDENCY: fsevents@2.0.7 (node_modules/fsevents):
npm WARN notsup SKIPPING OPTIONAL DEPENDENCY: Unsupported platform for fsevents@2.0.7: wanted {"os":"darwin","arch":"any"} (current: {"os":"linux","arch":"x64"})

up to date in 12.509s
npm WARN npm npm does not support Node.js v13.0.1
npm WARN npm You should probably upgrade to a newer version of node as we
npm WARN npm can't make any promises that npm will work with this version.
npm WARN npm Supported releases of Node.js are the latest release of 6, 8, 9, 10, 11, 12.
npm WARN npm You can find the latest version at https://nodejs.org/

> frontend@0.1.0 start /root/online-enrollment-system/frontend
> react-scripts start

Starting the development server...

Compiled with warnings.

./src/components/TopNav.js
  Line 10:3:  'NavLink' is defined but never used  no-unused-vars

./src/components/Home.js
  Line 1:17:  'Component' is defined but never used  no-unused-vars
  Line 3:20:  'Router' is defined but never used     no-unused-vars
  Line 4:3:   'Switch' is defined but never used     no-unused-vars

./src/components/Profile.js
  Line 1:17:  'Component' is defined but never used  no-unused-vars
  Line 8:3:   'FormText' is defined but never used   no-unused-vars

./src/App.js
  Line 4:3:  'Switch' is defined but never used   no-unused-vars
  Line 5:3:  'Route' is defined but never used    no-unused-vars
  Line 6:3:  'Link' is defined but never used     no-unused-vars
  Line 9:8:  'Profile' is defined but never used  no-unused-vars

./src/components/LoginModal.js
  Line 54:29:  'onSave' is assigned a value but never used  no-unused-vars

Search for the keywords to learn more about each warning.
To ignore, add // eslint-disable-next-line to the line before.

npm WARN npm npm does not support Node.js v13.0.1
npm WARN npm You should probably upgrade to a newer version of node as we
npm WARN npm can't make any promises that npm will work with this version.
npm WARN npm Supported releases of Node.js are the latest release of 6, 8, 9, 10, 11, 12.
npm WARN npm You can find the latest version at https://nodejs.org/

> frontend@0.1.0 start /root/online-enrollment-system/frontend
> react-scripts start

Starting the development server...

Compiled with warnings.

./src/components/TopNav.js
  Line 10:3:  'NavLink' is defined but never used  no-unused-vars

./src/components/Home.js
  Line 1:17:  'Component' is defined but never used  no-unused-vars
  Line 3:20:  'Router' is defined but never used     no-unused-vars
  Line 4:3:   'Switch' is defined but never used     no-unused-vars

./src/components/Profile.js
  Line 1:17:  'Component' is defined but never used  no-unused-vars
  Line 8:3:   'FormText' is defined but never used   no-unused-vars

./src/App.js
  Line 4:3:  'Switch' is defined but never used   no-unused-vars
  Line 5:3:  'Route' is defined but never used    no-unused-vars
  Line 6:3:  'Link' is defined but never used     no-unused-vars
  Line 9:8:  'Profile' is defined but never used  no-unused-vars

./src/components/LoginModal.js
  Line 54:29:  'onSave' is assigned a value but never used  no-unused-vars

Search for the keywords to learn more about each warning.
To ignore, add // eslint-disable-next-line to the line before.

Compiling...
Compiled with warnings.

./src/components/TopNav.js
  Line 10:3:  'NavLink' is defined but never used  no-unused-vars

./src/components/Home.js
  Line 1:17:  'Component' is defined but never used  no-unused-vars
  Line 3:20:  'Router' is defined but never used     no-unused-vars
  Line 4:3:   'Switch' is defined but never used     no-unused-vars

./src/components/Profile.js
  Line 1:17:  'Component' is defined but never used  no-unused-vars
  Line 8:3:   'FormText' is defined but never used   no-unused-vars

./src/App.js
  Line 4:3:  'Switch' is defined but never used   no-unused-vars
  Line 5:3:  'Route' is defined but never used    no-unused-vars
  Line 6:3:  'Link' is defined but never used     no-unused-vars
  Line 9:8:  'Profile' is defined but never used  no-unused-vars

./src/components/LoginModal.js
  Line 54:29:  'onSave' is assigned a value but never used  no-unused-vars

Search for the keywords to learn more about each warning.
To ignore, add // eslint-disable-next-line to the line before.

Compiling...
Compiled with warnings.

./src/components/TopNav.js
  Line 10:3:  'NavLink' is defined but never used  no-unused-vars

./src/components/Home.js
  Line 1:17:  'Component' is defined but never used  no-unused-vars
  Line 3:20:  'Router' is defined but never used     no-unused-vars
  Line 4:3:   'Switch' is defined but never used     no-unused-vars

./src/components/Profile.js
  Line 1:17:  'Component' is defined but never used  no-unused-vars
  Line 8:3:   'FormText' is defined but never used   no-unused-vars

./src/App.js
  Line 4:3:  'Switch' is defined but never used   no-unused-vars
  Line 5:3:  'Route' is defined but never used    no-unused-vars
  Line 6:3:  'Link' is defined but never used     no-unused-vars
  Line 9:8:  'Profile' is defined but never used  no-unused-vars

./src/components/LoginModal.js
  Line 54:29:  'onSave' is assigned a value but never used  no-unused-vars

Search for the keywords to learn more about each warning.
To ignore, add // eslint-disable-next-line to the line before.

npm WARN npm npm does not support Node.js v13.0.1
npm WARN npm You should probably upgrade to a newer version of node as we
npm WARN npm can't make any promises that npm will work with this version.
npm WARN npm Supported releases of Node.js are the latest release of 6, 8, 9, 10, 11, 12.
npm WARN npm You can find the latest version at https://nodejs.org/

> frontend@0.1.0 start /root/online-enrollment-system/frontend
> react-scripts start

Something is already running on port 3000.
npm WARN npm npm does not support Node.js v13.0.1
npm WARN npm You should probably upgrade to a newer version of node as we
npm WARN npm can't make any promises that npm will work with this version.
npm WARN npm Supported releases of Node.js are the latest release of 6, 8, 9, 10, 11, 12.
npm WARN npm You can find the latest version at https://nodejs.org/

> frontend@0.1.0 start /root/online-enrollment-system/frontend
> react-scripts start

Starting the development server...

Compiled with warnings.

./src/components/TopNav.js
  Line 10:3:  'NavLink' is defined but never used  no-unused-vars

./src/components/Home.js
  Line 1:17:  'Component' is defined but never used  no-unused-vars
  Line 3:20:  'Router' is defined but never used     no-unused-vars
  Line 4:3:   'Switch' is defined but never used     no-unused-vars

./src/components/Profile.js
  Line 1:17:  'Component' is defined but never used  no-unused-vars
  Line 8:3:   'FormText' is defined but never used   no-unused-vars

./src/App.js
  Line 4:3:  'Switch' is defined but never used   no-unused-vars
  Line 5:3:  'Route' is defined but never used    no-unused-vars
  Line 6:3:  'Link' is defined but never used     no-unused-vars
  Line 9:8:  'Profile' is defined but never used  no-unused-vars

./src/components/LoginModal.js
  Line 54:29:  'onSave' is assigned a value but never used  no-unused-vars

Search for the keywords to learn more about each warning.
To ignore, add // eslint-disable-next-line to the line before.

